<?xml version="1.0" encoding="UTF-8"?>
<!-- Generated by org.testng.reporters.JUnitReportReporter -->
<testsuite skipped="0" hostname="qh11284374" name="com.swift.test.testcase" tests="1" failures="0" timestamp="05 Sep 2018 23:35:39 GMT" time="3.788" errors="0">
  <testcase name="launch" time="3.788" classname="com.swift.test.testcase"/>
</testsuite> <!-- com.swift.test.testcase -->
