<?xml version="1.0" encoding="UTF-8"?>
<!-- Generated by org.testng.reporters.JUnitReportReporter -->
<testsuite skipped="0" hostname="qh11284374" name="testcase" tests="1" failures="0" timestamp="05 Sep 2018 23:33:09 GMT" time="5.242" errors="0">
  <testcase name="launch" time="5.242" classname="testcase"/>
</testsuite> <!-- testcase -->
